<?xml version="1.0" encoding="UTF-8"?>
<!-- Generated by org.testng.reporters.JUnitReportReporter -->
<testsuite hostname="RajpootBhai" failures="0" tests="5" name="com.wellsfargo.testcases.TestCases" time="102.651" errors="0" timestamp="10 Jan 2021 08:14:25 GMT" skipped="0">
  <testcase classname="com.wellsfargo.testcases.TestCases" name="SignOnPage" time="27.743"/>
  <testcase classname="com.wellsfargo.testcases.TestCases" name="EnrollInWellsFargoOnlinePage" time="31.281"/>
  <testcase classname="com.wellsfargo.testcases.TestCases" name="CustomerServicePage" time="13.879"/>
  <testcase classname="com.wellsfargo.testcases.TestCases" name="ATMAndBankingLocationsPage" time="21.214"/>
  <testcase classname="com.wellsfargo.testcases.TestCases" name="españolInicieSesión" time="8.534"/>
</testsuite> <!-- com.wellsfargo.testcases.TestCases -->
