<?xml version="1.0" encoding="UTF-8"?>
<!-- Generated by org.testng.reporters.JUnitReportReporter -->
<testsuite hostname="RajpootBhai" failures="0" tests="5" name="com.wellsfargo.testcases.TestCases" time="128.955" errors="0" timestamp="10 Jan 2021 07:00:51 GMT" skipped="0">
  <testcase classname="com.wellsfargo.testcases.TestCases" name="SignOnPage" time="26.899"/>
  <testcase classname="com.wellsfargo.testcases.TestCases" name="EnrollInWellsFargoOnlinePage" time="33.188"/>
  <testcase classname="com.wellsfargo.testcases.TestCases" name="CustomerServicePage" time="18.854"/>
  <testcase classname="com.wellsfargo.testcases.TestCases" name="ATMAndBankingLocationsPage" time="23.050"/>
  <testcase classname="com.wellsfargo.testcases.TestCases" name="españolInicieSesión" time="26.964"/>
</testsuite> <!-- com.wellsfargo.testcases.TestCases -->
